<?xml version="1.0" encoding="UTF-8"?>
<testsuite name="com.bl.jdbc.EmployeePayrollTest" tests="1" skipped="0" failures="0" errors="0" timestamp="2021-11-23T13:42:15" hostname="LAPTOP-LTNNVO58" time="0.527">
  <properties/>
  <testcase name="givenPayrollData_WhenAverageSalaryRetrieveByGender_ShouldReturnProperValue" classname="com.bl.jdbc.EmployeePayrollTest" time="0.527"/>
  <system-out><![CDATA[Connection to databasejdbc:mysql://localhost:3306/payroll_service
Driver loaded
Connection is successful !!com.mysql.cj.jdbc.ConnectionImpl@2b2e809e
Connection to databasejdbc:mysql://localhost:3306/payroll_service
Driver loaded
Connection is successful !!com.mysql.cj.jdbc.ConnectionImpl@68cac551
]]></system-out>
  <system-err><![CDATA[Loading class `com.mysql.jdbc.Driver'. This is deprecated. The new driver class is `com.mysql.cj.jdbc.Driver'. The driver is automatically registered via the SPI and manual loading of the driver class is generally unnecessary.
]]></system-err>
</testsuite>
